#
# There is insufficient memory for the Java Runtime Environment to continue.
# Native memory allocation (mmap) failed to map 268435456 bytes for G1 virtual space
# Possible reasons:
#   The system is out of physical RAM or swap space
#   The process is running with CompressedOops enabled, and the Java Heap may be blocking the growth of the native heap
# Possible solutions:
#   Reduce memory load on the system
#   Increase physical memory or swap space
#   Check if swap backing store is full
#   Decrease Java heap size (-Xmx/-Xms)
#   Decrease number of Java threads
#   Decrease Java thread stack sizes (-Xss)
#   Set larger code cache with -XX:ReservedCodeCacheSize=
#   JVM is running with Zero Based Compressed Oops mode in which the Java heap is
#     placed in the first 32GB address space. The Java Heap base address is the
#     maximum limit for the native heap growth. Please use -XX:HeapBaseMinAddress
#     to set the Java Heap base and to place the Java Heap above 32GB virtual address.
# This output file may be truncated or incomplete.
#
#  Out of Memory Error (os_windows.cpp:3466), pid=1324, tid=5516
#
# JRE version:  (16.0.1+9) (build )
# Java VM: Java HotSpot(TM) 64-Bit Server VM (16.0.1+9-24, mixed mode, sharing, tiered, compressed oops, compressed class ptrs, g1 gc, windows-amd64)
# No core dump will be written. Minidumps are not enabled by default on client versions of Windows
#

---------------  S U M M A R Y ------------

Command Line: -ea -XX:+ShowCodeDetailsInExceptionMessages -Dfile.encoding=UTF-8 org.eclipse.jdt.internal.junit.runner.RemoteTestRunner -version 3 -port 54199 -testLoaderClass org.eclipse.jdt.internal.junit5.runner.JUnit5TestLoader -loaderpluginname org.eclipse.jdt.junit5.runtime -test com.example.FoodMap.components.users.usersServiceTest:testCreateUserValid

Host: Intel(R) Core(TM) i7-5820K CPU @ 3.30GHz, 12 cores, 15G,  Windows 10 , 64 bit Build 19041 (10.0.19041.1466)
Time: Wed Jan 26 02:58:01 2022 Eastern Standard Time elapsed time: 0.011241 seconds (0d 0h 0m 0s)

---------------  T H R E A D  ---------------

Current thread (0x000001fcc5ffcf50):  JavaThread "Unknown thread" [_thread_in_vm, id=5516, stack(0x000000493fb00000,0x000000493fc00000)]

Stack: [0x000000493fb00000,0x000000493fc00000]
Native frames: (J=compiled Java code, j=interpreted, Vv=VM code, C=native code)
V  [jvm.dll+0x6687ca]
V  [jvm.dll+0x7ca3c9]
V  [jvm.dll+0x7cbb53]
V  [jvm.dll+0x7cc1b3]
V  [jvm.dll+0x242ea5]
V  [jvm.dll+0x665589]
V  [jvm.dll+0x65a175]
V  [jvm.dll+0x2fc5ab]
V  [jvm.dll+0x3037a6]
V  [jvm.dll+0x352fee]
V  [jvm.dll+0x35321f]
V  [jvm.dll+0x2d3618]
V  [jvm.dll+0x2d4854]
V  [jvm.dll+0x79ccb1]
V  [jvm.dll+0x360de1]
V  [jvm.dll+0x77a990]
V  [jvm.dll+0x3e55af]
V  [jvm.dll+0x3e7081]
C  [jli.dll+0x52fb]
C  [ucrtbase.dll+0x21bb2]
C  [KERNEL32.DLL+0x17034]
C  [ntdll.dll+0x52651]


---------------  P R O C E S S  ---------------

Threads class SMR info:
_java_thread_list=0x00007ffb5b70cbb8, length=0, elements={
}

Java Threads: ( => current thread )

Other Threads:
  0x000001fcc604e310 GCTaskThread "GC Thread#0" [stack: 0x000000493fc00000,0x000000493fd00000] [id=4232]
  0x000001fcc60614d0 ConcurrentGCThread "G1 Main Marker" [stack: 0x000000493fd00000,0x000000493fe00000] [id=25960]
  0x000001fcc60625f0 ConcurrentGCThread "G1 Conc#0" [stack: 0x000000493fe00000,0x000000493ff00000] [id=17656]

[error occurred during error reporting (printing all threads), id 0xc0000005, EXCEPTION_ACCESS_VIOLATION (0xc0000005) at pc=0x00007ffb5aee44d7]

VM state: not at safepoint (not fully initialized)

VM Mutex/Monitor currently owned by a thread:  ([mutex/lock_event])
[0x000001fcc5ff95a0] Heap_lock - owner thread: 0x000001fcc5ffcf50

Heap address: 0x0000000701a00000, size: 4070 MB, Compressed Oops mode: Zero based, Oop shift amount: 3

CDS archive(s) mapped at: [0x0000000000000000-0x0000000000000000-0x0000000000000000), size 0, SharedBaseAddress: 0x0000000800000000, ArchiveRelocationMode: 0.
Narrow klass base: 0x0000000000000000, Narrow klass shift: 0, Narrow klass range: 0x0

GC Precious Log:
<Empty>

Heap:
 garbage-first heap   total 0K, used 0K [0x0000000701a00000, 0x0000000800000000)
  region size 2048K, 0 young (0K), 0 survivors (0K)

[error occurred during error reporting (printing heap information), id 0xc0000005, EXCEPTION_ACCESS_VIOLATION (0xc0000005) at pc=0x00007ffb5b2c24ed]

GC Heap History (0 events):
No events

Deoptimization events (0 events):
No events

Classes unloaded (0 events):
No events

Classes redefined (0 events):
No events

Internal exceptions (0 events):
No events

Events (1 events):
Event: 0.007 Loaded shared library C:\Program Files\Java\jdk-16.0.1\bin\java.dll


Dynamic libraries:
0x00007ff74bf90000 - 0x00007ff74bfa0000 	C:\Program Files\Java\jdk-16.0.1\bin\java.exe
0x00007ffbd1d30000 - 0x00007ffbd1f25000 	C:\WINDOWS\SYSTEM32\ntdll.dll
0x00007ffbd0e70000 - 0x00007ffbd0f2e000 	C:\WINDOWS\System32\KERNEL32.DLL
0x00007ffbcf4a0000 - 0x00007ffbcf768000 	C:\WINDOWS\System32\KERNELBASE.dll
0x00007ffbcf770000 - 0x00007ffbcf870000 	C:\WINDOWS\System32\ucrtbase.dll
0x00007ffbc9ce0000 - 0x00007ffbc9cf8000 	C:\Program Files\Java\jdk-16.0.1\bin\jli.dll
0x00007ffbcacd0000 - 0x00007ffbcace9000 	C:\Program Files\Java\jdk-16.0.1\bin\VCRUNTIME140.dll
0x00007ffbd1c40000 - 0x00007ffbd1cee000 	C:\WINDOWS\System32\ADVAPI32.dll
0x00007ffbd0890000 - 0x00007ffbd092e000 	C:\WINDOWS\System32\msvcrt.dll
0x00007ffbd1ac0000 - 0x00007ffbd1b5c000 	C:\WINDOWS\System32\sechost.dll
0x00007ffbd0f30000 - 0x00007ffbd1055000 	C:\WINDOWS\System32\RPCRT4.dll
0x00007ffbd1060000 - 0x00007ffbd1201000 	C:\WINDOWS\System32\USER32.dll
0x00007ffbb5d70000 - 0x00007ffbb600a000 	C:\WINDOWS\WinSxS\amd64_microsoft.windows.common-controls_6595b64144ccf1df_6.0.19041.1110_none_60b5254171f9507e\COMCTL32.dll
0x00007ffbcfd10000 - 0x00007ffbcfd32000 	C:\WINDOWS\System32\win32u.dll
0x00007ffbd0cf0000 - 0x00007ffbd0d1b000 	C:\WINDOWS\System32\GDI32.dll
0x00007ffbcfb60000 - 0x00007ffbcfc6d000 	C:\WINDOWS\System32\gdi32full.dll
0x00007ffbcfc70000 - 0x00007ffbcfd0d000 	C:\WINDOWS\System32\msvcp_win.dll
0x00007ffbc9250000 - 0x00007ffbc925a000 	C:\WINDOWS\SYSTEM32\VERSION.dll
0x00007ffbd0e30000 - 0x00007ffbd0e60000 	C:\WINDOWS\System32\IMM32.DLL
0x00007ffbc9cd0000 - 0x00007ffbc9cdc000 	C:\Program Files\Java\jdk-16.0.1\bin\vcruntime140_1.dll
0x00007ffbb6a90000 - 0x00007ffbb6b21000 	C:\Program Files\Java\jdk-16.0.1\bin\msvcp140.dll
0x00007ffb5ac00000 - 0x00007ffb5b7ab000 	C:\Program Files\Java\jdk-16.0.1\bin\server\jvm.dll
0x00007ffbd1210000 - 0x00007ffbd1218000 	C:\WINDOWS\System32\PSAPI.DLL
0x00007ffbc22b0000 - 0x00007ffbc22d7000 	C:\WINDOWS\SYSTEM32\WINMM.dll
0x00007ffbb4f10000 - 0x00007ffbb4f19000 	C:\WINDOWS\SYSTEM32\WSOCK32.dll
0x00007ffbd1a50000 - 0x00007ffbd1abb000 	C:\WINDOWS\System32\WS2_32.dll
0x00007ffbcdcd0000 - 0x00007ffbcdce2000 	C:\WINDOWS\SYSTEM32\kernel.appcore.dll
0x00007ffbc8c70000 - 0x00007ffbc8c7a000 	C:\Program Files\Java\jdk-16.0.1\bin\jimage.dll
0x00007ffbcd180000 - 0x00007ffbcd364000 	C:\WINDOWS\SYSTEM32\DBGHELP.DLL
0x00007ffbc8390000 - 0x00007ffbc83bc000 	C:\WINDOWS\SYSTEM32\dbgcore.DLL
0x00007ffbcfa20000 - 0x00007ffbcfaa2000 	C:\WINDOWS\System32\bcryptPrimitives.dll
0x00007ffbc89f0000 - 0x00007ffbc8a15000 	C:\Program Files\Java\jdk-16.0.1\bin\java.dll

dbghelp: loaded successfully - version: 4.0.5 - missing functions: none
symbol engine: initialized successfully - sym options: 0x614 - pdb path: .;C:\Program Files\Java\jdk-16.0.1\bin;C:\WINDOWS\SYSTEM32;C:\WINDOWS\WinSxS\amd64_microsoft.windows.common-controls_6595b64144ccf1df_6.0.19041.1110_none_60b5254171f9507e;C:\Program Files\Java\jdk-16.0.1\bin\server

VM Arguments:
jvm_args: -ea -XX:+ShowCodeDetailsInExceptionMessages -Dfile.encoding=UTF-8 
java_command: org.eclipse.jdt.internal.junit.runner.RemoteTestRunner -version 3 -port 54199 -testLoaderClass org.eclipse.jdt.internal.junit5.runner.JUnit5TestLoader -loaderpluginname org.eclipse.jdt.junit5.runtime -test com.example.FoodMap.components.users.usersServiceTest:testCreateUserValid
java_class_path (initial): d:\job projects\foodMap\FoodMap\target\test-classes;d:\job projects\foodMap\FoodMap\target\classes;c:\Users\Mags Like Bags\.m2\repository\org\springframework\boot\spring-boot-starter-data-jpa\2.6.2\spring-boot-starter-data-jpa-2.6.2.jar;c:\Users\Mags Like Bags\.m2\repository\org\springframework\boot\spring-boot-starter-aop\2.6.2\spring-boot-starter-aop-2.6.2.jar;c:\Users\Mags Like Bags\.m2\repository\org\aspectj\aspectjweaver\1.9.7\aspectjweaver-1.9.7.jar;c:\Users\Mags Like Bags\.m2\repository\org\springframework\boot\spring-boot-starter-jdbc\2.6.2\spring-boot-starter-jdbc-2.6.2.jar;c:\Users\Mags Like Bags\.m2\repository\com\zaxxer\HikariCP\4.0.3\HikariCP-4.0.3.jar;c:\Users\Mags Like Bags\.m2\repository\org\springframework\spring-jdbc\5.3.14\spring-jdbc-5.3.14.jar;c:\Users\Mags Like Bags\.m2\repository\jakarta\transaction\jakarta.transaction-api\1.3.3\jakarta.transaction-api-1.3.3.jar;c:\Users\Mags Like Bags\.m2\repository\jakarta\persistence\jakarta.persistence-api\2.2.3\jakarta.persistence-api-2.2.3.jar;c:\Users\Mags Like Bags\.m2\repository\org\hibernate\hibernate-core\5.6.3.Final\hibernate-core-5.6.3.Final.jar;c:\Users\Mags Like Bags\.m2\repository\org\jboss\logging\jboss-logging\3.4.2.Final\jboss-logging-3.4.2.Final.jar;c:\Users\Mags Like Bags\.m2\repository\net\bytebuddy\byte-buddy\1.11.22\byte-buddy-1.11.22.jar;c:\Users\Mags Like Bags\.m2\repository\antlr\antlr\2.7.7\antlr-2.7.7.jar;c:\Users\Mags Like Bags\.m2\repository\org\jboss\jandex\2.2.3.Final\jandex-2.2.3.Final.jar;c:\Users\Mags Like Bags\.m2\repository\com\fasterxml\classmate\1.5.1\classmate-1.5.1.jar;c:\Users\Mags Like Bags\.m2\repository\org\hibernate\common\hibernate-commons-annotations\5.1.2.Final\hibernate-commons-annotations-5.1.2.Final.jar;c:\Users\Mags Like Bags\.m2\repository\org\glassfish\jaxb\jaxb-runtime\2.3.5\jaxb-runtime-2.3.5.jar;c:\Users\Mags Like Bags\.m2\repository\org\glassfish\jaxb\txw2\2.3.5\txw2-2.3.5.jar;c:\Users\Mags Like Bags\.m2\repository\com\sun
Launcher Type: SUN_STANDARD

[Global flags]
     intx CICompilerCount                          = 4                                         {product} {ergonomic}
     uint ConcGCThreads                            = 3                                         {product} {ergonomic}
     uint G1ConcRefinementThreads                  = 10                                        {product} {ergonomic}
   size_t G1HeapRegionSize                         = 2097152                                   {product} {ergonomic}
    uintx GCDrainStackTargetSize                   = 64                                        {product} {ergonomic}
   size_t InitialHeapSize                          = 268435456                                 {product} {ergonomic}
   size_t MarkStackSize                            = 4194304                                   {product} {ergonomic}
   size_t MaxHeapSize                              = 4267704320                                {product} {ergonomic}
   size_t MinHeapDeltaBytes                        = 2097152                                   {product} {ergonomic}
   size_t MinHeapSize                              = 8388608                                   {product} {ergonomic}
    uintx NonNMethodCodeHeapSize                   = 5839372                                {pd product} {ergonomic}
    uintx NonProfiledCodeHeapSize                  = 122909434                              {pd product} {ergonomic}
    uintx ProfiledCodeHeapSize                     = 122909434                              {pd product} {ergonomic}
    uintx ReservedCodeCacheSize                    = 251658240                              {pd product} {ergonomic}
     bool SegmentedCodeCache                       = true                                      {product} {ergonomic}
     bool ShowCodeDetailsInExceptionMessages       = true                                   {manageable} {command line}
   size_t SoftMaxHeapSize                          = 4267704320                             {manageable} {ergonomic}
     bool UseCompressedClassPointers               = true                           {product lp64_product} {ergonomic}
     bool UseCompressedOops                        = true                           {product lp64_product} {ergonomic}
     bool UseG1GC                                  = true                                      {product} {ergonomic}
     bool UseLargePagesIndividualAllocation        = false                                  {pd product} {ergonomic}

Logging:
Log output configuration:
 #0: stdout all=warning uptime,level,tags
 #1: stderr all=off uptime,level,tags

Environment Variables:
PATH=C:\Program Files\Common Files\Oracle\Java\javapath;C:\WINDOWS\system32;C:\WINDOWS;C:\WINDOWS\System32\Wbem;C:\WINDOWS\System32\WindowsPowerShell\v1.0\;C:\WINDOWS\System32\OpenSSH\;C:\Program Files\dotnet\;C:\Program Files\Microsoft SQL Server\130\Tools\Binn\;C:\Program Files\Microsoft SQL Server\Client SDK\ODBC\170\Tools\Binn\;C:\Program Files\NVIDIA Corporation\NVIDIA NvDLISR;C:\Program Files\nodejs\;C:\Program Files (x86)\NVIDIA Corporation\PhysX\Common;C:\Program Files\Git\usr\bin;C:\Program Files\Docker\Docker\resources\bin;C:\ProgramData\DockerDesktop\version-bin;C:\Program Files\PostgreSQL\14\bin\;C:\Program Files\MySQL\MySQL Shell 8.0\bin\;C:\Users\Mags Like Bags\AppData\Local\Programs\Python\Python39\Scripts\;C:\Users\Mags Like Bags\AppData\Local\Programs\Python\Python39\;C:\Users\Mags Like Bags\AppData\Local\Microsoft\WindowsApps;C:\Users\Mags Like Bags\.dotnet\tools;C:\Users\Mags Like Bags\AppData\Local\Programs\Microsoft VS Code\bin;C:\Program Files\JetBrains\IntelliJ IDEA Community Edition 2021.1.3\bin;;C:\Users\Mags Like Bags\AppData\Roaming\npm;C:\Program Files\Git\usr\bin;
USERNAME=Mags Like Bags
OS=Windows_NT
PROCESSOR_IDENTIFIER=Intel64 Family 6 Model 63 Stepping 2, GenuineIntel



---------------  S Y S T E M  ---------------

OS:
 Windows 10 , 64 bit Build 19041 (10.0.19041.1466)
OS uptime: 5 days 2:58 hours
Hyper-V role detected

CPU: total 12 (initial active 12) (6 cores per cpu, 2 threads per core) family 6 model 63 stepping 2 microcode 0x43, cx8, cmov, fxsr, ht, mmx, sse, sse2, sse3, ssse3, sse4.1, sse4.2, popcnt, lzcnt, tsc, tscinvbit, avx, avx2, aes, erms, clmul, bmi1, bmi2, fma, vzeroupper, clflush, hv

Memory: 4k page, system-wide physical 16279M (3361M free)
TotalPageFile size 34787M (AvailPageFile size 67M)
current process WorkingSet (physical memory assigned to process): 10M, peak: 10M
current process commit charge ("private bytes"): 64M, peak: 320M

vm_info: Java HotSpot(TM) 64-Bit Server VM (16.0.1+9-24) for windows-amd64 JRE (16.0.1+9-24), built on Mar 26 2021 19:31:42 by "mach5one" with MS VC++ 16.7 (VS2019)

END.
